0 info it worked if it ends with ok
1 verbose cli [ 'node', '/usr/local/bin/npm', 'uninstall', 'bower' ]
2 info using npm@1.4.28
3 info using node@v0.10.33
4 verbose node_modules/bower unbuild
5 info preuninstall bower@1.4.1
6 info uninstall bower@1.4.1
7 verbose true,/Users/miodragarsic/smartliving-cordova/www/node_modules,/Users/miodragarsic/smartliving-cordova/www/node_modules unbuild bower@1.4.1
8 verbose /Users/miodragarsic/smartliving-cordova/www/node_modules/.bin,[object Object] binRoot
9 error Error: EACCES, unlink '/Users/miodragarsic/smartliving-cordova/www/node_modules/.bin/bower'
9 error  { [Error: EACCES, unlink '/Users/miodragarsic/smartliving-cordova/www/node_modules/.bin/bower']
9 error   errno: 3,
9 error   code: 'EACCES',
9 error   path: '/Users/miodragarsic/smartliving-cordova/www/node_modules/.bin/bower' }
10 error Please try running this command again as root/Administrator.
11 error System Darwin 14.3.0
12 error command "node" "/usr/local/bin/npm" "uninstall" "bower"
13 error cwd /Users/miodragarsic/smartliving-cordova/www
14 error node -v v0.10.33
15 error npm -v 1.4.28
16 error path /Users/miodragarsic/smartliving-cordova/www/node_modules/.bin/bower
17 error code EACCES
18 error errno 3
19 error stack Error: EACCES, unlink '/Users/miodragarsic/smartliving-cordova/www/node_modules/.bin/bower'
20 verbose exit [ 3, true ]
